Using pre-set license
Built from '2020.3/release' branch; Version is '2020.3.12f1 (b3b2c6512326) revision 11776710'; Using compiler version '192528614'; Build Type 'Release'
OS: 'Windows 10 Pro; OS build 19042.1052; Version 2009; 64bit' Language: 'es' Physical Memory: 16321 MB
BatchMode: 1, IsHumanControllingUs: 0, StartBugReporterOnCrash: 0, Is64bit: 1, IsPro: 0

 COMMAND LINE ARGUMENTS:
C:\Program Files\Unity\Hub\Editor\2020.3.12f1\Editor\Unity.exe
-adb2
-batchMode
-noUpm
-name
AssetImportWorker0
-projectPath
D:/RAY/PruebaGit/peueba clase iniciacion
-logFile
Logs/AssetImportWorker0.log
-srvPort
63069
Successfully changed project path to: D:/RAY/PruebaGit/peueba clase iniciacion
D:/RAY/PruebaGit/peueba clase iniciacion
Using Asset Import Pipeline V2.
Refreshing native plugins compatible for Editor in 30.46 ms, found 2 plugins.
Preloading 0 native plugins for Editor in 0.00 ms.
Initialize engine version: 2020.3.12f1 (b3b2c6512326)
[Subsystems] Discovering subsystems at path C:/Program Files/Unity/Hub/Editor/2020.3.12f1/Editor/Data/Resources/UnitySubsystems
[Subsystems] Discovering subsystems at path D:/RAY/PruebaGit/peueba clase iniciacion/Assets
GfxDevice: creating device client; threaded=0
Direct3D:
    Version:  Direct3D 11.0 [level 11.0]
    Renderer: NVIDIA GeForce GT 730 (ID=0x1287)
    Vendor:   
    VRAM:     4052 MB
    Driver:   27.21.14.5671
Initialize mono
Mono path[0] = 'C:/Program Files/Unity/Hub/Editor/2020.3.12f1/Editor/Data/Managed'
Mono path[1] = 'C:/Program Files/Unity/Hub/Editor/2020.3.12f1/Editor/Data/MonoBleedingEdge/lib/mono/unityjit'
Mono config path = 'C:/Program Files/Unity/Hub/Editor/2020.3.12f1/Editor/Data/MonoBleedingEdge/etc'
Using monoOptions --debugger-agent=transport=dt_socket,embedding=1,server=y,suspend=n,address=127.0.0.1:56672
Begin MonoManager ReloadAssembly
Registering precompiled unity dll's ...
Register platform support module: C:/Program Files/Unity/Hub/Editor/2020.3.12f1/Editor/Data/PlaybackEngines/WebGLSupport/UnityEditor.WebGL.Extensions.dll
Register platform support module: C:/Program Files/Unity/Hub/Editor/2020.3.12f1/Editor/Data/PlaybackEngines/WindowsStandaloneSupport/UnityEditor.WindowsStandalone.Extensions.dll
Registered in 0.002834 seconds.
Native extension for WindowsStandalone target not found
Native extension for WebGL target not found
Refreshing native plugins compatible for Editor in 28.80 ms, found 2 plugins.
Preloading 0 native plugins for Editor in 0.00 ms.
Mono: successfully reloaded assembly
- Completed reload, in  2.103 seconds
Platform modules already initialized, skipping
Registering precompiled user dll's ...
Registered in 0.002854 seconds.
Begin MonoManager ReloadAssembly
Native extension for WindowsStandalone target not found
Native extension for WebGL target not found
Refreshing native plugins compatible for Editor in 0.30 ms, found 2 plugins.
Preloading 0 native plugins for Editor in 0.00 ms.
Mono: successfully reloaded assembly
- Completed reload, in  1.098 seconds
Platform modules already initialized, skipping
========================================================================
Worker process is ready to serve import requests
Launched and connected shader compiler UnityShaderCompiler.exe after 0.04 seconds
Refreshing native plugins compatible for Editor in 0.30 ms, found 2 plugins.
Preloading 0 native plugins for Editor in 0.00 ms.
Unloading 1390 Unused Serialized files (Serialized files now loaded: 0)
System memory in use before: 65.4 MB.
System memory in use after: 65.4 MB.

Unloading 19 unused Assets to reduce memory usage. Loaded Objects now: 1827.
Total: 1.824400 ms (FindLiveObjects: 0.138000 ms CreateObjectMapping: 0.054800 ms MarkObjects: 1.518800 ms  DeleteObjects: 0.111500 ms)

AssetImportParameters requested are different than current active one (requested -> active):
  custom:framework-win-MediaFoundation: 216162199b28c13a410421893ffa2e32 -> 
  custom:video-decoder-ogg-theora: a1e56fd34408186e4bbccfd4996cb3dc -> 
  custom:container-muxer-webm: aa71ff27fc2769a1b78a27578f13a17b -> 
  custom:container-demuxer-webm: 4f35f7cbe854078d1ac9338744f61a02 -> 
  custom:container-demuxer-ogg: 62fdf1f143b41e24485cea50d1cbac27 -> 
  custom:video-encoder-webm-vp8: eb34c28f22e8b96e1ab97ce403110664 -> 
  custom:video-decoder-webm-vp8: 9c59270c3fd7afecdb556c50c9e8de78 -> 
  custom:audio-decoder-ogg-vorbis: bf7c407c2cedff20999df2af8eb42d56 -> 
  custom:audio-encoder-webm-vorbis: bf7c407c2cedff20999df2af8eb42d56 -> 
========================================================================
Received Import Request.
  path: Assets/scripts/CuentaAtras.cs
  artifactKey: Guid(b400eb770b488dc43bdf9853f8dad192) Importer(815301076,1909f56bfc062723c751e8b465ee728b)
Start importing Assets/scripts/CuentaAtras.cs using Guid(b400eb770b488dc43bdf9853f8dad192) Importer(815301076,1909f56bfc062723c751e8b465ee728b)  -> (artifact id: '944d16ceb0b802c84d2a4895f3341c41') in 0.023646 seconds 
  Import took 0.025769 seconds .

========================================================================
Received Import Request.
  Time since last request: 39.085325 seconds.
  path: Assets/Bucks.unity
  artifactKey: Guid(479d6db7ab69918458935adb96e6b36f) Importer(815301076,1909f56bfc062723c751e8b465ee728b)
Start importing Assets/Bucks.unity using Guid(479d6db7ab69918458935adb96e6b36f) Importer(815301076,1909f56bfc062723c751e8b465ee728b)  -> (artifact id: '43acc3604ff324cafcf57d08319ae5c5') in 0.023108 seconds 
  Import took 0.025414 seconds .

========================================================================
Received Import Request.
  Time since last request: 231.361639 seconds.
  path: Assets/prefabs
  artifactKey: Guid(9a1a580019f1e4e42946381c1ff0423e) Importer(815301076,1909f56bfc062723c751e8b465ee728b)
Start importing Assets/prefabs using Guid(9a1a580019f1e4e42946381c1ff0423e) Importer(815301076,1909f56bfc062723c751e8b465ee728b)  -> (artifact id: '9c223ad05652b1e2e9b96ffbf4db92c5') in 0.004818 seconds 
  Import took 0.007779 seconds .

========================================================================
Received Import Request.
  Time since last request: 4.855510 seconds.
  path: Assets/prefabs/Cube (5).prefab
  artifactKey: Guid(d8e96d8caee0cca4095c0ee8ccffd00f) Importer(815301076,1909f56bfc062723c751e8b465ee728b)
Start importing Assets/prefabs/Cube (5).prefab using Guid(d8e96d8caee0cca4095c0ee8ccffd00f) Importer(815301076,1909f56bfc062723c751e8b465ee728b)  -> (artifact id: '9cb07fe307c10e0da0193a34bd781cdb') in 0.085618 seconds 
  Import took 0.088187 seconds .

========================================================================
Received Import Request.
  Time since last request: 0.002492 seconds.
  path: Assets/prefabs/Cube (5).prefab
  artifactKey: Guid(d8e96d8caee0cca4095c0ee8ccffd00f) Importer(815301076,1909f56bfc062723c751e8b465ee728b)
Start importing Assets/prefabs/Cube (5).prefab using Guid(d8e96d8caee0cca4095c0ee8ccffd00f) Importer(815301076,1909f56bfc062723c751e8b465ee728b)  -> (artifact id: '9cb07fe307c10e0da0193a34bd781cdb') in 0.008552 seconds 
  Import took 0.011533 seconds .

========================================================================
Received Import Request.
  Time since last request: 3838.893456 seconds.
  path: Assets/scripts/CalculadoraVelocidad.cs
  artifactKey: Guid(29e78b6cb575566439cb32e915dfe0f2) Importer(815301076,1909f56bfc062723c751e8b465ee728b)
Start importing Assets/scripts/CalculadoraVelocidad.cs using Guid(29e78b6cb575566439cb32e915dfe0f2) Importer(815301076,1909f56bfc062723c751e8b465ee728b)  -> (artifact id: 'dce3c977266c5a855d2c07ea1afe50b3') in 0.015865 seconds 
  Import took 0.018938 seconds .

========================================================================
Received Prepare
Registering precompiled user dll's ...
Registered in 0.004269 seconds.
Begin MonoManager ReloadAssembly
Native extension for WindowsStandalone target not found
Native extension for WebGL target not found
Refreshing native plugins compatible for Editor in 0.32 ms, found 2 plugins.
Preloading 0 native plugins for Editor in 0.00 ms.
Mono: successfully reloaded assembly
- Completed reload, in  1.215 seconds
Platform modules already initialized, skipping
Refreshing native plugins compatible for Editor in 0.30 ms, found 2 plugins.
Preloading 0 native plugins for Editor in 0.00 ms.
Unloading 1385 Unused Serialized files (Serialized files now loaded: 0)
System memory in use before: 68.4 MB.
System memory in use after: 68.5 MB.

Unloading 15 unused Assets to reduce memory usage. Loaded Objects now: 1838.
Total: 1.929400 ms (FindLiveObjects: 0.138100 ms CreateObjectMapping: 0.049900 ms MarkObjects: 1.668600 ms  DeleteObjects: 0.071600 ms)

AssetImportParameters requested are different than current active one (requested -> active):
  custom:framework-win-MediaFoundation: 216162199b28c13a410421893ffa2e32 -> 
  custom:video-decoder-ogg-theora: a1e56fd34408186e4bbccfd4996cb3dc -> 
  custom:container-muxer-webm: aa71ff27fc2769a1b78a27578f13a17b -> 
  custom:container-demuxer-webm: 4f35f7cbe854078d1ac9338744f61a02 -> 
  custom:container-demuxer-ogg: 62fdf1f143b41e24485cea50d1cbac27 -> 
  custom:video-encoder-webm-vp8: eb34c28f22e8b96e1ab97ce403110664 -> 
  custom:video-decoder-webm-vp8: 9c59270c3fd7afecdb556c50c9e8de78 -> 
  custom:audio-decoder-ogg-vorbis: bf7c407c2cedff20999df2af8eb42d56 -> 
  custom:audio-encoder-webm-vorbis: bf7c407c2cedff20999df2af8eb42d56 -> 
========================================================================
Received Import Request.
  Time since last request: 838.228128 seconds.
  path: Assets/scripts/CuentaAtras.cs
  artifactKey: Guid(b400eb770b488dc43bdf9853f8dad192) Importer(815301076,1909f56bfc062723c751e8b465ee728b)
Start importing Assets/scripts/CuentaAtras.cs using Guid(b400eb770b488dc43bdf9853f8dad192) Importer(815301076,1909f56bfc062723c751e8b465ee728b)  -> (artifact id: '81ff591d04e47f01046edaa9a77257fa') in 0.009886 seconds 
  Import took 0.012416 seconds .

========================================================================
Received Prepare
Registering precompiled user dll's ...
Registered in 0.006823 seconds.
Begin MonoManager ReloadAssembly
Native extension for WindowsStandalone target not found
Native extension for WebGL target not found
Refreshing native plugins compatible for Editor in 0.31 ms, found 2 plugins.
Preloading 0 native plugins for Editor in 0.00 ms.
Mono: successfully reloaded assembly
- Completed reload, in  1.215 seconds
Platform modules already initialized, skipping
Refreshing native plugins compatible for Editor in 0.29 ms, found 2 plugins.
Preloading 0 native plugins for Editor in 0.00 ms.
Unloading 1385 Unused Serialized files (Serialized files now loaded: 0)
System memory in use before: 68.5 MB.
System memory in use after: 68.5 MB.

Unloading 14 unused Assets to reduce memory usage. Loaded Objects now: 1841.
Total: 2.036500 ms (FindLiveObjects: 0.127900 ms CreateObjectMapping: 0.041300 ms MarkObjects: 1.812900 ms  DeleteObjects: 0.052800 ms)

AssetImportParameters requested are different than current active one (requested -> active):
  custom:framework-win-MediaFoundation: 216162199b28c13a410421893ffa2e32 -> 
  custom:video-decoder-ogg-theora: a1e56fd34408186e4bbccfd4996cb3dc -> 
  custom:container-muxer-webm: aa71ff27fc2769a1b78a27578f13a17b -> 
  custom:container-demuxer-webm: 4f35f7cbe854078d1ac9338744f61a02 -> 
  custom:container-demuxer-ogg: 62fdf1f143b41e24485cea50d1cbac27 -> 
  custom:video-encoder-webm-vp8: eb34c28f22e8b96e1ab97ce403110664 -> 
  custom:video-decoder-webm-vp8: 9c59270c3fd7afecdb556c50c9e8de78 -> 
  custom:audio-decoder-ogg-vorbis: bf7c407c2cedff20999df2af8eb42d56 -> 
  custom:audio-encoder-webm-vorbis: bf7c407c2cedff20999df2af8eb42d56 -> 
========================================================================
Received Prepare
Registering precompiled user dll's ...
Registered in 0.003364 seconds.
Begin MonoManager ReloadAssembly
Native extension for WindowsStandalone target not found
Native extension for WebGL target not found
Refreshing native plugins compatible for Editor in 0.30 ms, found 2 plugins.
Preloading 0 native plugins for Editor in 0.00 ms.
Mono: successfully reloaded assembly
- Completed reload, in  1.195 seconds
Platform modules already initialized, skipping
Refreshing native plugins compatible for Editor in 0.33 ms, found 2 plugins.
Preloading 0 native plugins for Editor in 0.00 ms.
Unloading 1385 Unused Serialized files (Serialized files now loaded: 0)
System memory in use before: 68.5 MB.
System memory in use after: 68.6 MB.

Unloading 14 unused Assets to reduce memory usage. Loaded Objects now: 1844.
Total: 1.924200 ms (FindLiveObjects: 0.139300 ms CreateObjectMapping: 0.054100 ms MarkObjects: 1.677400 ms  DeleteObjects: 0.052100 ms)

AssetImportParameters requested are different than current active one (requested -> active):
  custom:framework-win-MediaFoundation: 216162199b28c13a410421893ffa2e32 -> 
  custom:video-decoder-ogg-theora: a1e56fd34408186e4bbccfd4996cb3dc -> 
  custom:container-muxer-webm: aa71ff27fc2769a1b78a27578f13a17b -> 
  custom:container-demuxer-webm: 4f35f7cbe854078d1ac9338744f61a02 -> 
  custom:container-demuxer-ogg: 62fdf1f143b41e24485cea50d1cbac27 -> 
  custom:video-encoder-webm-vp8: eb34c28f22e8b96e1ab97ce403110664 -> 
  custom:video-decoder-webm-vp8: 9c59270c3fd7afecdb556c50c9e8de78 -> 
  custom:audio-decoder-ogg-vorbis: bf7c407c2cedff20999df2af8eb42d56 -> 
  custom:audio-encoder-webm-vorbis: bf7c407c2cedff20999df2af8eb42d56 -> 
========================================================================
Received Import Request.
  Time since last request: 128.600120 seconds.
  path: Assets/scripts/condicional.cs
  artifactKey: Guid(c2b0d039313ab554cb3102b07734c708) Importer(815301076,1909f56bfc062723c751e8b465ee728b)
Start importing Assets/scripts/condicional.cs using Guid(c2b0d039313ab554cb3102b07734c708) Importer(815301076,1909f56bfc062723c751e8b465ee728b)  -> (artifact id: '1712be23a35d18be3d41fbc6285079d1') in 0.009412 seconds 
  Import took 0.017904 seconds .

========================================================================
Received Prepare
Registering precompiled user dll's ...
Registered in 0.002931 seconds.
Begin MonoManager ReloadAssembly
Native extension for WindowsStandalone target not found
Native extension for WebGL target not found
Refreshing native plugins compatible for Editor in 0.29 ms, found 2 plugins.
Preloading 0 native plugins for Editor in 0.00 ms.
Mono: successfully reloaded assembly
- Completed reload, in  0.945 seconds
Platform modules already initialized, skipping
Refreshing native plugins compatible for Editor in 0.30 ms, found 2 plugins.
Preloading 0 native plugins for Editor in 0.00 ms.
Unloading 1385 Unused Serialized files (Serialized files now loaded: 0)
System memory in use before: 68.5 MB.
System memory in use after: 68.6 MB.

Unloading 14 unused Assets to reduce memory usage. Loaded Objects now: 1847.
Total: 1.872900 ms (FindLiveObjects: 0.129100 ms CreateObjectMapping: 0.040600 ms MarkObjects: 1.616400 ms  DeleteObjects: 0.085500 ms)

AssetImportParameters requested are different than current active one (requested -> active):
  custom:framework-win-MediaFoundation: 216162199b28c13a410421893ffa2e32 -> 
  custom:video-decoder-ogg-theora: a1e56fd34408186e4bbccfd4996cb3dc -> 
  custom:container-muxer-webm: aa71ff27fc2769a1b78a27578f13a17b -> 
  custom:container-demuxer-webm: 4f35f7cbe854078d1ac9338744f61a02 -> 
  custom:container-demuxer-ogg: 62fdf1f143b41e24485cea50d1cbac27 -> 
  custom:video-encoder-webm-vp8: eb34c28f22e8b96e1ab97ce403110664 -> 
  custom:video-decoder-webm-vp8: 9c59270c3fd7afecdb556c50c9e8de78 -> 
  custom:audio-decoder-ogg-vorbis: bf7c407c2cedff20999df2af8eb42d56 -> 
  custom:audio-encoder-webm-vorbis: bf7c407c2cedff20999df2af8eb42d56 -> 
========================================================================
Received Import Request.
  Time since last request: 181.174607 seconds.
  path: Assets/scripts/condicional.cs
  artifactKey: Guid(c2b0d039313ab554cb3102b07734c708) Importer(815301076,1909f56bfc062723c751e8b465ee728b)
Start importing Assets/scripts/condicional.cs using Guid(c2b0d039313ab554cb3102b07734c708) Importer(815301076,1909f56bfc062723c751e8b465ee728b)  -> (artifact id: '47c9b645475b156bca11278ccdbd5e80') in 0.006623 seconds 
  Import took 0.008879 seconds .

AssetImportWorkerClient::OnTransportError - code=2 error=End of file
