Using pre-set license
Built from '2020.3/release' branch; Version is '2020.3.12f1 (b3b2c6512326) revision 11776710'; Using compiler version '192528614'; Build Type 'Release'
OS: 'Windows 10 Pro; OS build 19042.1348; Version 2009; 64bit' Language: 'es' Physical Memory: 16321 MB
BatchMode: 1, IsHumanControllingUs: 0, StartBugReporterOnCrash: 0, Is64bit: 1, IsPro: 0

 COMMAND LINE ARGUMENTS:
C:\Program Files\Unity\Hub\Editor\2020.3.12f1\Editor\Unity.exe
-adb2
-batchMode
-noUpm
-name
AssetImportWorker0
-projectPath
D:/RAY/PruebaGit/scene
-logFile
Logs/AssetImportWorker0.log
-srvPort
64331
Successfully changed project path to: D:/RAY/PruebaGit/scene
D:/RAY/PruebaGit/scene
Using Asset Import Pipeline V2.
Refreshing native plugins compatible for Editor in 29.22 ms, found 2 plugins.
Preloading 0 native plugins for Editor in 0.00 ms.
Initialize engine version: 2020.3.12f1 (b3b2c6512326)
[Subsystems] Discovering subsystems at path C:/Program Files/Unity/Hub/Editor/2020.3.12f1/Editor/Data/Resources/UnitySubsystems
[Subsystems] Discovering subsystems at path D:/RAY/PruebaGit/scene/Assets
GfxDevice: creating device client; threaded=0
Direct3D:
    Version:  Direct3D 11.0 [level 11.0]
    Renderer: NVIDIA GeForce GT 730 (ID=0x1287)
    Vendor:   
    VRAM:     4052 MB
    Driver:   27.21.14.5671
Initialize mono
Mono path[0] = 'C:/Program Files/Unity/Hub/Editor/2020.3.12f1/Editor/Data/Managed'
Mono path[1] = 'C:/Program Files/Unity/Hub/Editor/2020.3.12f1/Editor/Data/MonoBleedingEdge/lib/mono/unityjit'
Mono config path = 'C:/Program Files/Unity/Hub/Editor/2020.3.12f1/Editor/Data/MonoBleedingEdge/etc'
Using monoOptions --debugger-agent=transport=dt_socket,embedding=1,server=y,suspend=n,address=127.0.0.1:56888
Begin MonoManager ReloadAssembly
Registering precompiled unity dll's ...
Register platform support module: C:/Program Files/Unity/Hub/Editor/2020.3.12f1/Editor/Data/PlaybackEngines/WebGLSupport/UnityEditor.WebGL.Extensions.dll
Register platform support module: C:/Program Files/Unity/Hub/Editor/2020.3.12f1/Editor/Data/PlaybackEngines/WindowsStandaloneSupport/UnityEditor.WindowsStandalone.Extensions.dll
Registered in 0.002590 seconds.
Native extension for WindowsStandalone target not found
Native extension for WebGL target not found
Refreshing native plugins compatible for Editor in 28.22 ms, found 2 plugins.
Preloading 0 native plugins for Editor in 0.00 ms.
Mono: successfully reloaded assembly
- Completed reload, in  2.175 seconds
Platform modules already initialized, skipping
Registering precompiled user dll's ...
Registered in 0.002826 seconds.
Begin MonoManager ReloadAssembly
Native extension for WindowsStandalone target not found
Native extension for WebGL target not found
Refreshing native plugins compatible for Editor in 0.29 ms, found 2 plugins.
Preloading 0 native plugins for Editor in 0.00 ms.
Mono: successfully reloaded assembly
- Completed reload, in  1.024 seconds
Platform modules already initialized, skipping
========================================================================
Worker process is ready to serve import requests
Launched and connected shader compiler UnityShaderCompiler.exe after 0.05 seconds
Refreshing native plugins compatible for Editor in 0.28 ms, found 2 plugins.
Preloading 0 native plugins for Editor in 0.00 ms.
Unloading 1393 Unused Serialized files (Serialized files now loaded: 0)
System memory in use before: 64.9 MB.
System memory in use after: 64.9 MB.

Unloading 19 unused Assets to reduce memory usage. Loaded Objects now: 1826.
Total: 1.837900 ms (FindLiveObjects: 0.119500 ms CreateObjectMapping: 0.037400 ms MarkObjects: 1.572800 ms  DeleteObjects: 0.107100 ms)

AssetImportParameters requested are different than current active one (requested -> active):
  custom:framework-win-MediaFoundation: 216162199b28c13a410421893ffa2e32 -> 
  custom:video-decoder-ogg-theora: a1e56fd34408186e4bbccfd4996cb3dc -> 
  custom:container-muxer-webm: aa71ff27fc2769a1b78a27578f13a17b -> 
  custom:container-demuxer-webm: 4f35f7cbe854078d1ac9338744f61a02 -> 
  custom:container-demuxer-ogg: 62fdf1f143b41e24485cea50d1cbac27 -> 
  custom:video-encoder-webm-vp8: eb34c28f22e8b96e1ab97ce403110664 -> 
  custom:video-decoder-webm-vp8: 9c59270c3fd7afecdb556c50c9e8de78 -> 
  custom:audio-decoder-ogg-vorbis: bf7c407c2cedff20999df2af8eb42d56 -> 
  custom:audio-encoder-webm-vorbis: bf7c407c2cedff20999df2af8eb42d56 -> 
========================================================================
Received Import Request.
  path: Assets/Scenes
  artifactKey: Guid(ce76231dac232a7408bc2a7d1d62e441) Importer(815301076,1909f56bfc062723c751e8b465ee728b)
Start importing Assets/Scenes using Guid(ce76231dac232a7408bc2a7d1d62e441) Importer(815301076,1909f56bfc062723c751e8b465ee728b)  -> (artifact id: 'b06e5b32790f6387a6cb7a9ee7598948') in 0.012803 seconds 
  Import took 0.014892 seconds .

========================================================================
Received Import Request.
  Time since last request: 0.912773 seconds.
  path: Assets/Scenes
  artifactKey: Guid(ce76231dac232a7408bc2a7d1d62e441) Importer(815301076,1909f56bfc062723c751e8b465ee728b)
Start importing Assets/Scenes using Guid(ce76231dac232a7408bc2a7d1d62e441) Importer(815301076,1909f56bfc062723c751e8b465ee728b)  -> (artifact id: 'b06e5b32790f6387a6cb7a9ee7598948') in 0.002684 seconds 
  Import took 0.006504 seconds .

========================================================================
Received Import Request.
  Time since last request: 3.919574 seconds.
  path: Assets/Scenes/prueba.unity
  artifactKey: Guid(f1dcb813c7f00b842911232b286c20dc) Importer(815301076,1909f56bfc062723c751e8b465ee728b)
Start importing Assets/Scenes/prueba.unity using Guid(f1dcb813c7f00b842911232b286c20dc) Importer(815301076,1909f56bfc062723c751e8b465ee728b)  -> (artifact id: 'a0654f6446235697823d1acdb504d4e9') in 0.020960 seconds 
  Import took 0.023501 seconds .

========================================================================
Received Import Request.
  Time since last request: 10.053031 seconds.
  path: Assets/Scenes/New Folder
  artifactKey: Guid(73a75ba5c6d905e4aa1b02c4bd94c4f9) Importer(815301076,1909f56bfc062723c751e8b465ee728b)
Start importing Assets/Scenes/New Folder using Guid(73a75ba5c6d905e4aa1b02c4bd94c4f9) Importer(815301076,1909f56bfc062723c751e8b465ee728b)  -> (artifact id: 'a3d7ec7021b979b239c5fa11890ee810') in 0.006864 seconds 
  Import took 0.009252 seconds .

========================================================================
Received Import Request.
  Time since last request: 11.714300 seconds.
  path: Assets/Scenes/New Folder/example.cs
  artifactKey: Guid(77d9a24ddd6ea604aada7a4f74ff4a9f) Importer(815301076,1909f56bfc062723c751e8b465ee728b)
Start importing Assets/Scenes/New Folder/example.cs using Guid(77d9a24ddd6ea604aada7a4f74ff4a9f) Importer(815301076,1909f56bfc062723c751e8b465ee728b)  -> (artifact id: '80efb4c4b77351ceac1f67ad2fbbee44') in 0.128800 seconds 
  Import took 0.130980 seconds .

========================================================================
Received Prepare
Registering precompiled user dll's ...
Registered in 0.002705 seconds.
Begin MonoManager ReloadAssembly
Native extension for WindowsStandalone target not found
Native extension for WebGL target not found
Refreshing native plugins compatible for Editor in 0.35 ms, found 2 plugins.
Preloading 0 native plugins for Editor in 0.00 ms.
Mono: successfully reloaded assembly
- Completed reload, in  0.957 seconds
Platform modules already initialized, skipping
Refreshing native plugins compatible for Editor in 0.29 ms, found 2 plugins.
Preloading 0 native plugins for Editor in 0.00 ms.
Unloading 1389 Unused Serialized files (Serialized files now loaded: 0)
System memory in use before: 64.8 MB.
System memory in use after: 64.9 MB.

Unloading 14 unused Assets to reduce memory usage. Loaded Objects now: 1830.
Total: 1.838500 ms (FindLiveObjects: 0.128600 ms CreateObjectMapping: 0.044300 ms MarkObjects: 1.573300 ms  DeleteObjects: 0.091200 ms)

AssetImportParameters requested are different than current active one (requested -> active):
  custom:framework-win-MediaFoundation: 216162199b28c13a410421893ffa2e32 -> 
  custom:video-decoder-ogg-theora: a1e56fd34408186e4bbccfd4996cb3dc -> 
  custom:container-muxer-webm: aa71ff27fc2769a1b78a27578f13a17b -> 
  custom:container-demuxer-webm: 4f35f7cbe854078d1ac9338744f61a02 -> 
  custom:container-demuxer-ogg: 62fdf1f143b41e24485cea50d1cbac27 -> 
  custom:video-encoder-webm-vp8: eb34c28f22e8b96e1ab97ce403110664 -> 
  custom:video-decoder-webm-vp8: 9c59270c3fd7afecdb556c50c9e8de78 -> 
  custom:audio-decoder-ogg-vorbis: bf7c407c2cedff20999df2af8eb42d56 -> 
  custom:audio-encoder-webm-vorbis: bf7c407c2cedff20999df2af8eb42d56 -> 
========================================================================
Received Prepare
Registering precompiled user dll's ...
Registered in 0.002870 seconds.
Begin MonoManager ReloadAssembly
Native extension for WindowsStandalone target not found
Native extension for WebGL target not found
Refreshing native plugins compatible for Editor in 0.29 ms, found 2 plugins.
Preloading 0 native plugins for Editor in 0.00 ms.
Mono: successfully reloaded assembly
- Completed reload, in  1.000 seconds
Platform modules already initialized, skipping
Refreshing native plugins compatible for Editor in 0.29 ms, found 2 plugins.
Preloading 0 native plugins for Editor in 0.00 ms.
Unloading 1389 Unused Serialized files (Serialized files now loaded: 0)
System memory in use before: 64.9 MB.
System memory in use after: 64.9 MB.

Unloading 14 unused Assets to reduce memory usage. Loaded Objects now: 1833.
Total: 1.913500 ms (FindLiveObjects: 0.123800 ms CreateObjectMapping: 0.040600 ms MarkObjects: 1.692300 ms  DeleteObjects: 0.055600 ms)

AssetImportParameters requested are different than current active one (requested -> active):
  custom:framework-win-MediaFoundation: 216162199b28c13a410421893ffa2e32 -> 
  custom:video-decoder-ogg-theora: a1e56fd34408186e4bbccfd4996cb3dc -> 
  custom:container-muxer-webm: aa71ff27fc2769a1b78a27578f13a17b -> 
  custom:container-demuxer-webm: 4f35f7cbe854078d1ac9338744f61a02 -> 
  custom:container-demuxer-ogg: 62fdf1f143b41e24485cea50d1cbac27 -> 
  custom:video-encoder-webm-vp8: eb34c28f22e8b96e1ab97ce403110664 -> 
  custom:video-decoder-webm-vp8: 9c59270c3fd7afecdb556c50c9e8de78 -> 
  custom:audio-decoder-ogg-vorbis: bf7c407c2cedff20999df2af8eb42d56 -> 
  custom:audio-encoder-webm-vorbis: bf7c407c2cedff20999df2af8eb42d56 -> 
========================================================================
Received Import Request.
  Time since last request: 533.230480 seconds.
  path: Assets/Scenes/New Folder/example.cs
  artifactKey: Guid(77d9a24ddd6ea604aada7a4f74ff4a9f) Importer(815301076,1909f56bfc062723c751e8b465ee728b)
Start importing Assets/Scenes/New Folder/example.cs using Guid(77d9a24ddd6ea604aada7a4f74ff4a9f) Importer(815301076,1909f56bfc062723c751e8b465ee728b)  -> (artifact id: 'b038a69fed01f89a6ef5f3dc9b09770b') in 0.003678 seconds 
  Import took 0.005880 seconds .

========================================================================
Received Import Request.
  Time since last request: 23.503495 seconds.
  path: Assets/Scenes/New Folder/ll.asset
  artifactKey: Guid(044cf6ab7c16a3c419eb5ba7c26dc08b) Importer(815301076,1909f56bfc062723c751e8b465ee728b)
Start importing Assets/Scenes/New Folder/ll.asset using Guid(044cf6ab7c16a3c419eb5ba7c26dc08b) Importer(815301076,1909f56bfc062723c751e8b465ee728b)  -> (artifact id: 'e217569000d81273ac079c75247fed2c') in 0.027588 seconds 
  Import took 0.030266 seconds .

========================================================================
Received Import Request.
  Time since last request: 25.048774 seconds.
  path: Assets/Scenes/New Folder/Nave 1.asset
  artifactKey: Guid(044cf6ab7c16a3c419eb5ba7c26dc08b) Importer(815301076,1909f56bfc062723c751e8b465ee728b)
Start importing Assets/Scenes/New Folder/Nave 1.asset using Guid(044cf6ab7c16a3c419eb5ba7c26dc08b) Importer(815301076,1909f56bfc062723c751e8b465ee728b)  -> (artifact id: 'b8a23d52106292e11c9971db9259d564') in 0.006962 seconds 
  Import took 0.010432 seconds .

========================================================================
Received Import Request.
  Time since last request: 17.401321 seconds.
  path: Assets/Scenes/New Folder/nave 2.asset
  artifactKey: Guid(4c6bde5e6dd3c9748a185942549703e0) Importer(815301076,1909f56bfc062723c751e8b465ee728b)
Start importing Assets/Scenes/New Folder/nave 2.asset using Guid(4c6bde5e6dd3c9748a185942549703e0) Importer(815301076,1909f56bfc062723c751e8b465ee728b)  -> (artifact id: 'd5a7af1c1d4457a2cac8779b3406915c') in 0.006639 seconds 
  Import took 0.009719 seconds .

========================================================================
Received Import Request.
  Time since last request: 23.904461 seconds.
  path: Assets/Scenes/New Folder/Nave 3.asset
  artifactKey: Guid(4cc828a030faf5544865bbfa31459ca9) Importer(815301076,1909f56bfc062723c751e8b465ee728b)
Start importing Assets/Scenes/New Folder/Nave 3.asset using Guid(4cc828a030faf5544865bbfa31459ca9) Importer(815301076,1909f56bfc062723c751e8b465ee728b)  -> (artifact id: '08d956e0970a4f482ec561428f99ed52') in 0.007033 seconds 
  Import took 0.009690 seconds .

========================================================================
Received Import Request.
  Time since last request: 11.644613 seconds.
  path: Assets/Scenes/New Folder/Nave 1.asset
  artifactKey: Guid(044cf6ab7c16a3c419eb5ba7c26dc08b) Importer(815301076,1909f56bfc062723c751e8b465ee728b)
Start importing Assets/Scenes/New Folder/Nave 1.asset using Guid(044cf6ab7c16a3c419eb5ba7c26dc08b) Importer(815301076,1909f56bfc062723c751e8b465ee728b)  -> (artifact id: 'c859223cf268525057e59cb0b834a857') in 0.006904 seconds 
  Import took 0.009472 seconds .

========================================================================
Received Import Request.
  Time since last request: 0.000305 seconds.
  path: Assets/Scenes/New Folder/Nave 3.asset
  artifactKey: Guid(4cc828a030faf5544865bbfa31459ca9) Importer(815301076,1909f56bfc062723c751e8b465ee728b)
Start importing Assets/Scenes/New Folder/Nave 3.asset using Guid(4cc828a030faf5544865bbfa31459ca9) Importer(815301076,1909f56bfc062723c751e8b465ee728b)  -> (artifact id: '967219cdae20d7a09ee311835d307e4a') in 0.003528 seconds 
  Import took 0.005997 seconds .

========================================================================
Received Import Request.
  Time since last request: 0.000283 seconds.
  path: Assets/Scenes/New Folder/nave 2.asset
  artifactKey: Guid(4c6bde5e6dd3c9748a185942549703e0) Importer(815301076,1909f56bfc062723c751e8b465ee728b)
Start importing Assets/Scenes/New Folder/nave 2.asset using Guid(4c6bde5e6dd3c9748a185942549703e0) Importer(815301076,1909f56bfc062723c751e8b465ee728b)  -> (artifact id: 'e8c32f87c7ee80f0b037c55b33c97ae2') in 0.004927 seconds 
  Import took 0.007477 seconds .

========================================================================
Received Import Request.
  Time since last request: 298.339764 seconds.
  path: Assets/Scenes/New Folder/Data.asset
  artifactKey: Guid(b3abbf1fb4fecea49afaa73744ad38a0) Importer(815301076,1909f56bfc062723c751e8b465ee728b)
Start importing Assets/Scenes/New Folder/Data.asset using Guid(b3abbf1fb4fecea49afaa73744ad38a0) Importer(815301076,1909f56bfc062723c751e8b465ee728b)  -> (artifact id: '237b376d2a741602dd17a7be1878fcea') in 0.010478 seconds 
  Import took 0.014352 seconds .

AssetImportWorkerClient::OnTransportError - code=2 error=End of file
